<?xml version="1.0" encoding="UTF-8"?>
<!-- Generated by org.testng.reporters.JUnitReportReporter -->
<testsuite skipped="0" hostname="Fahimas-MacBook-Pro.local" name="com.runner.MyRunnerclass" tests="1" failures="0" timestamp="13 Oct 2021 18:22:23 GMT" time="7.151" errors="0">
  <testcase name="runScenario" time="7.151" classname="com.runner.MyRunnerclass"/>
</testsuite> <!-- com.runner.MyRunnerclass -->
